<?xml version="1.0" encoding="UTF-8"?>
<testsuite xmlns:xsi="http://www.w3.org/2001/XMLSchema-instance" xsi:noNamespaceSchemaLocation="https://maven.apache.org/surefire/maven-surefire-plugin/xsd/surefire-test-report.xsd" name="com.amtrp.youtube.pt.ProductServiceApplicationTests" time="0.679" tests="1" errors="1" skipped="0" failures="0">
  <properties>
[...]
</properties>
  <testcase name="com.amtrp.youtube.pt.ProductServiceApplicationTests" classname="com.amtrp.youtube.pt.ProductServiceApplicationTests" time="0.677">
    <error message="Could not find a valid Docker environment. Please see logs and check configuration" type="java.lang.IllegalStateException">java.lang.IllegalStateException: Could not find a valid Docker environment. Please see logs and check configuration
</error>
    <system-out><![CDATA[17:38:45.107 [main] DEBUG org.testcontainers.utility.TestcontainersConfiguration - Testcontainers configuration overrides will be loaded from file:/C:/Users/anujp/.testcontainers.properties
17:38:45.120 [main] WARN org.testcontainers.utility.TestcontainersConfiguration - Attempted to read Testcontainers configuration file at file:/C:/Users/anujp/.testcontainers.properties but the file was not found. Exception message: FileNotFoundException: C:\Users\anujp\.testcontainers.properties (The system cannot find the file specified)
17:38:45.126 [main] INFO org.testcontainers.utility.ImageNameSubstitutor - Image name substitution will be performed by: DefaultImageNameSubstitutor (composite of 'ConfigurationFileImageNameSubstitutor' and 'PrefixingImageNameSubstitutor')
17:38:45.158 [main] DEBUG org.testcontainers.dockerclient.DockerClientProviderStrategy - Trying out strategy: NpipeSocketClientProviderStrategy
17:38:45.159 [main] DEBUG org.testcontainers.dockerclient.DockerClientProviderStrategy - DOCKER_HOST socket file '//./pipe/docker_engine' does not exist
17:38:45.160 [main] DEBUG org.testcontainers.dockerclient.DockerClientProviderStrategy - strategy NpipeSocketClientProviderStrategy did not pass the test
17:38:45.165 [main] INFO org.testcontainers.dockerclient.DockerMachineClientProviderStrategy - docker-machine executable was not found on PATH ([C:\Program Files (x86)\Common Files\Intel\Shared Libraries\redist\intel64\compiler, C:\Python310\Scripts\, C:\Python310\, C:\Program Files\Common Files\Oracle\Java\javapath, C:\Program Files (x86)\Common Files\Oracle\Java\javapath, C:\WINDOWS\system32, C:\WINDOWS, C:\WINDOWS\System32\Wbem, C:\WINDOWS\System32\WindowsPowerShell\v1.0\, C:\WINDOWS\System32\OpenSSH\, C:\Program Files\nodejs\, C:\ProgramData\chocolatey\bin, C:\flutter\bin, C:\Program Files\Git\cmd, C:\Program Files\PuTTY\, C:\HashiCorp\Vagrant\bin, C:\ProgramData\chocolatey\lib\maven\apache-maven-3.8.6\bin, C:\Program Files\Amazon\AWSCLIV2\, C:\Users\anujp\AppData\Local\Microsoft\WindowsApps, C:\Users\anujp\AppData\Roaming\npm, C:\tools\dart-sdk\bin, C:\Users\anujp\AppData\Roaming\Pub\Cache\bin, C:\Users\anujp\AppData\Local\Programs\Microsoft VS Code\bin, C:\Users\anujp\AppData\Local\GitHubDesktop\bin])
17:38:45.166 [main] ERROR org.testcontainers.dockerclient.DockerClientProviderStrategy - Could not find a valid Docker environment. Please check configuration. Attempted configurations were:
As no valid configuration was found, execution cannot continue.
See https://www.testcontainers.org/on_failure.html for more details.
17:38:45.293 [main] DEBUG org.springframework.boot.test.context.SpringBootTestContextBootstrapper - Neither @ContextConfiguration nor @ContextHierarchy found for test class [ProductServiceApplicationTests]: using SpringBootContextLoader
17:38:45.295 [main] DEBUG org.springframework.test.context.support.AbstractContextLoader - Could not detect default resource locations for test class [com.amtrp.youtube.pt.ProductServiceApplicationTests]: no resource found for suffixes {-context.xml, Context.groovy}.
17:38:45.297 [main] INFO org.springframework.test.context.support.AnnotationConfigContextLoaderUtils - Could not detect default configuration classes for test class [com.amtrp.youtube.pt.ProductServiceApplicationTests]: ProductServiceApplicationTests does not declare any static, non-private, non-final, nested classes annotated with @Configuration.
17:38:45.382 [main] DEBUG org.springframework.boot.test.context.SpringBootTestContextBootstrapper - Using ContextCustomizers for test class [ProductServiceApplicationTests]: [ImportsContextCustomizer, ExcludeFilterContextCustomizer, DuplicateJsonObjectContextCustomizer, MockitoContextCustomizer, TestRestTemplateContextCustomizer, DisableObservabilityContextCustomizer, PropertyMappingContextCustomizer, Customizer, DynamicPropertiesContextCustomizer]
17:38:45.479 [main] DEBUG org.springframework.context.annotation.ClassPathScanningCandidateComponentProvider - Identified candidate component class: file [C:\STS\Workspace\microservices-new\product-service\target\classes\com\amtrp\youtube\pt\ProductServiceApplication.class]
17:38:45.481 [main] INFO org.springframework.boot.test.context.SpringBootTestContextBootstrapper - Found @SpringBootConfiguration com.amtrp.youtube.pt.ProductServiceApplication for test class com.amtrp.youtube.pt.ProductServiceApplicationTests
17:38:45.576 [main] DEBUG org.springframework.boot.test.context.SpringBootTestContextBootstrapper - Using TestExecutionListeners for test class [ProductServiceApplicationTests]: [ServletTestExecutionListener, DirtiesContextBeforeModesTestExecutionListener, ApplicationEventsTestExecutionListener, MockitoTestExecutionListener, DependencyInjectionTestExecutionListener, DirtiesContextTestExecutionListener, TransactionalTestExecutionListener, SqlScriptsTestExecutionListener, EventPublishingTestExecutionListener, ResetMocksTestExecutionListener, RestDocsTestExecutionListener, MockRestServiceServerResetTestExecutionListener, MockMvcPrintOnlyOnFailureTestExecutionListener, WebDriverTestExecutionListener, MockWebServiceServerTestExecutionListener]
17:38:45.579 [main] DEBUG org.springframework.test.context.support.AbstractDirtiesContextTestExecutionListener - After test class: class [ProductServiceApplicationTests], class annotated with @DirtiesContext [false] with mode [null]
]]></system-out>
  </testcase>
</testsuite>